# JRE version: OpenJDK Runtime Environment (Zulu 8.88.0.19-CA-linux64) (8.0_462-b08) (build 1.8.0_462-b08)
# Java VM: OpenJDK 64-Bit Server VM (25.462-b08 mixed mode linux-amd64 compressed oops)
Heap:
 PSYoungGen      total 223744K, used 127296K [0x00000000eab00000, 0x00000000fa080000, 0x0000000100000000)
  eden space 209920K, 54% used [0x00000000eab00000,0x00000000f19d5dc0,0x00000000f7800000)
  from space 13824K, 99% used [0x00000000f8800000,0x00000000f957a490,0x00000000f9580000)
  to   space 16384K, 0% used [0x00000000f7800000,0x00000000f7800000,0x00000000f8800000)
 ParOldGen       total 56320K, used 24030K [0x00000000c0000000, 0x00000000c3700000, 0x00000000eab00000)
  object space 56320K, 42% used [0x00000000c0000000,0x00000000c1777aa0,0x00000000c3700000)
 Metaspace       used 78521K, capacity 82774K, committed 83072K, reserved 1122304K
  class space    used 10351K, capacity 10777K, committed 10880K, reserved 1048576K
GC Heap History (10 events):
Event: 26.455 GC heap before
{Heap before GC invocations=11 (full 2):
 PSYoungGen      total 128000K, used 7665K [0x00000000eab00000, 0x00000000f5280000, 0x0000000100000000)
  eden space 120320K, 0% used [0x00000000eab00000,0x00000000eab00000,0x00000000f2080000)
  from space 7680K, 99% used [0x00000000f2080000,0x00000000f27fc6b8,0x00000000f2800000)
  to   space 8704K, 0% used [0x00000000f4a00000,0x00000000f4a00000,0x00000000f5280000)
 ParOldGen       total 27136K, used 5446K [0x00000000c0000000, 0x00000000c1a80000, 0x00000000eab00000)
  object space 27136K, 20% used [0x00000000c0000000,0x00000000c0551a78,0x00000000c1a80000)
 Metaspace       used 33588K, capacity 35338K, committed 35456K, reserved 1079296K
  class space    used 4637K, capacity 4891K, committed 4992K, reserved 1048576K
Event: 26.621 GC heap after
Heap after GC invocations=11 (full 2):
 PSYoungGen      total 128000K, used 0K [0x00000000eab00000, 0x00000000f5280000, 0x0000000100000000)
  eden space 120320K, 0% used [0x00000000eab00000,0x00000000eab00000,0x00000000f2080000)
  from space 7680K, 0% used [0x00000000f2080000,0x00000000f2080000,0x00000000f2800000)
  to   space 8704K, 0% used [0x00000000f4a00000,0x00000000f4a00000,0x00000000f5280000)
 ParOldGen       total 39424K, used 12456K [0x00000000c0000000, 0x00000000c2680000, 0x00000000eab00000)
  object space 39424K, 31% used [0x00000000c0000000,0x00000000c0c2a070,0x00000000c2680000)
 Metaspace       used 33584K, capacity 35326K, committed 35456K, reserved 1079296K
  class space    used 4636K, capacity 4889K, committed 4992K, reserved 1048576K
}
Event: 52.583 GC heap before
{Heap before GC invocations=12 (full 2):
 PSYoungGen      total 128000K, used 120320K [0x00000000eab00000, 0x00000000f5280000, 0x0000000100000000)
  eden space 120320K, 100% used [0x00000000eab00000,0x00000000f2080000,0x00000000f2080000)
  from space 7680K, 0% used [0x00000000f2080000,0x00000000f2080000,0x00000000f2800000)
  to   space 8704K, 0% used [0x00000000f4a00000,0x00000000f4a00000,0x00000000f5280000)
 ParOldGen       total 39424K, used 12456K [0x00000000c0000000, 0x00000000c2680000, 0x00000000eab00000)
  object space 39424K, 31% used [0x00000000c0000000,0x00000000c0c2a070,0x00000000c2680000)
 Metaspace       used 48061K, capacity 51336K, committed 51456K, reserved 1093632K
  class space    used 6495K, capacity 6878K, committed 6912K, reserved 1048576K
Event: 52.849 GC heap after
Heap after GC invocations=12 (full 2):
 PSYoungGen      total 159232K, used 8682K [0x00000000eab00000, 0x00000000f6c00000, 0x0000000100000000)
  eden space 150528K, 0% used [0x00000000eab00000,0x00000000eab00000,0x00000000f3e00000)
  from space 8704K, 99% used [0x00000000f4a00000,0x00000000f527a970,0x00000000f5280000)
  to   space 12288K, 0% used [0x00000000f3e00000,0x00000000f3e00000,0x00000000f4a00000)
 ParOldGen       total 39424K, used 18646K [0x00000000c0000000, 0x00000000c2680000, 0x00000000eab00000)
  object space 39424K, 47% used [0x00000000c0000000,0x00000000c1235a88,0x00000000c2680000)
 Metaspace       used 48061K, capacity 51336K, committed 51456K, reserved 1093632K
  class space    used 6495K, capacity 6878K, committed 6912K, reserved 1048576K
}
Event: 67.607 GC heap before
{Heap before GC invocations=13 (full 2):
 PSYoungGen      total 159232K, used 103946K [0x00000000eab00000, 0x00000000f6c00000, 0x0000000100000000)
  eden space 150528K, 63% used [0x00000000eab00000,0x00000000f0807f60,0x00000000f3e00000)
  from space 8704K, 99% used [0x00000000f4a00000,0x00000000f527a970,0x00000000f5280000)
  to   space 12288K, 0% used [0x00000000f3e00000,0x00000000f3e00000,0x00000000f4a00000)
 ParOldGen       total 39424K, used 18646K [0x00000000c0000000, 0x00000000c2680000, 0x00000000eab00000)
  object space 39424K, 47% used [0x00000000c0000000,0x00000000c1235a88,0x00000000c2680000)
 Metaspace       used 55648K, capacity 59012K, committed 59096K, reserved 1101824K
  class space    used 7400K, capacity 7788K, committed 7808K, reserved 1048576K
Event: 67.701 GC heap after
Heap after GC invocations=13 (full 2):
 PSYoungGen      total 162816K, used 11102K [0x00000000eab00000, 0x00000000f9580000, 0x0000000100000000)
  eden space 150528K, 0% used [0x00000000eab00000,0x00000000eab00000,0x00000000f3e00000)
  from space 12288K, 90% used [0x00000000f3e00000,0x00000000f48d79f0,0x00000000f4a00000)
  to   space 13824K, 0% used [0x00000000f8800000,0x00000000f8800000,0x00000000f9580000)
 ParOldGen       total 39424K, used 23447K [0x00000000c0000000, 0x00000000c2680000, 0x00000000eab00000)
  object space 39424K, 59% used [0x00000000c0000000,0x00000000c16e5c90,0x00000000c2680000)
 Metaspace       used 55648K, capacity 59012K, committed 59096K, reserved 1101824K
  class space    used 7400K, capacity 7788K, committed 7808K, reserved 1048576K
}
Event: 67.702 GC heap before
{Heap before GC invocations=14 (full 3):
 PSYoungGen      total 162816K, used 11102K [0x00000000eab00000, 0x00000000f9580000, 0x0000000100000000)
  eden space 150528K, 0% used [0x00000000eab00000,0x00000000eab00000,0x00000000f3e00000)
  from space 12288K, 90% used [0x00000000f3e00000,0x00000000f48d79f0,0x00000000f4a00000)
  to   space 13824K, 0% used [0x00000000f8800000,0x00000000f8800000,0x00000000f9580000)
 ParOldGen       total 39424K, used 23447K [0x00000000c0000000, 0x00000000c2680000, 0x00000000eab00000)
  object space 39424K, 59% used [0x00000000c0000000,0x00000000c16e5c90,0x00000000c2680000)
 Metaspace       used 55648K, capacity 59012K, committed 59096K, reserved 1101824K
  class space    used 7400K, capacity 7788K, committed 7808K, reserved 1048576K
Event: 67.961 GC heap after
Heap after GC invocations=14 (full 3):
 PSYoungGen      total 162816K, used 0K [0x00000000eab00000, 0x00000000f9580000, 0x0000000100000000)
  eden space 150528K, 0% used [0x00000000eab00000,0x00000000eab00000,0x00000000f3e00000)
  from space 12288K, 0% used [0x00000000f3e00000,0x00000000f3e00000,0x00000000f4a00000)
  to   space 13824K, 0% used [0x00000000f8800000,0x00000000f8800000,0x00000000f9580000)
 ParOldGen       total 56320K, used 22716K [0x00000000c0000000, 0x00000000c3700000, 0x00000000eab00000)
  object space 56320K, 40% used [0x00000000c0000000,0x00000000c162f2f0,0x00000000c3700000)
 Metaspace       used 55640K, capacity 58994K, committed 59096K, reserved 1101824K
  class space    used 7398K, capacity 7785K, committed 7808K, reserved 1048576K
}
Event: 75.013 GC heap before
{Heap before GC invocations=15 (full 3):
 PSYoungGen      total 162816K, used 150528K [0x00000000eab00000, 0x00000000f9580000, 0x0000000100000000)
  eden space 150528K, 100% used [0x00000000eab00000,0x00000000f3e00000,0x00000000f3e00000)
  from space 12288K, 0% used [0x00000000f3e00000,0x00000000f3e00000,0x00000000f4a00000)
  to   space 13824K, 0% used [0x00000000f8800000,0x00000000f8800000,0x00000000f9580000)
 ParOldGen       total 56320K, used 22716K [0x00000000c0000000, 0x00000000c3700000, 0x00000000eab00000)
  object space 56320K, 40% used [0x00000000c0000000,0x00000000c162f2f0,0x00000000c3700000)
 Metaspace       used 68583K, capacity 72184K, committed 72448K, reserved 1112064K
  class space    used 9031K, capacity 9406K, committed 9472K, reserved 1048576K
Event: 75.419 GC heap after
Heap after GC invocations=15 (full 3):
 PSYoungGen      total 223744K, used 13801K [0x00000000eab00000, 0x00000000fa080000, 0x0000000100000000)
  eden space 209920K, 0% used [0x00000000eab00000,0x00000000eab00000,0x00000000f7800000)
  from space 13824K, 99% used [0x00000000f8800000,0x00000000f957a490,0x00000000f9580000)
  to   space 16384K, 0% used [0x00000000f7800000,0x00000000f7800000,0x00000000f8800000)
 ParOldGen       total 56320K, used 24030K [0x00000000c0000000, 0x00000000c3700000, 0x00000000eab00000)
  object space 56320K, 42% used [0x00000000c0000000,0x00000000c1777aa0,0x00000000c3700000)
 Metaspace       used 68583K, capacity 72184K, committed 72448K, reserved 1112064K
  class space    used 9031K, capacity 9406K, committed 9472K, reserved 1048576K
}

